<?xml version="1.0" encoding="utf-8"?><testsuites><testsuite name="pytest" errors="0" failures="0" skipped="0" tests="0" time="0.053" timestamp="2023-09-03T18:16:37.427282" hostname="LAPTOP-UR8QLBEC" /></testsuites>