<?xml version="1.0" encoding="utf-8"?><testsuites><testsuite name="pytest" errors="0" failures="0" skipped="0" tests="0" time="0.044" timestamp="2023-09-03T18:18:11.942320" hostname="LAPTOP-UR8QLBEC" /></testsuites>